[0.009s] Invoking command in '/home/shuwn/my_fishrobot/demo01/build/fishbot': CMAKE_PREFIX_PATH=${CMAKE_PREFIX_PATH}:/opt/ros/humble /usr/bin/cmake --build /home/shuwn/my_fishrobot/demo01/build/fishbot -- -j16 -l16
[0.029s] -- Found ament_cmake: 1.3.10 (/opt/ros/humble/share/ament_cmake/cmake)
[0.102s] -- Found ament_lint_auto: 0.12.11 (/opt/ros/humble/share/ament_lint_auto/cmake)
[0.154s] -- Added test 'flake8' to check Python code syntax and style conventions
[0.154s] -- Added test 'lint_cmake' to check CMake code style
[0.154s] -- Added test 'pep257' to check Python code against some of the docstring style conventions in PEP 257
[0.155s] -- Added test 'xmllint' to check XML markup files
[0.156s] -- Configuring done
[0.158s] -- Generating done
[0.158s] -- Build files have been written to: /home/shuwn/my_fishrobot/demo01/build/fishbot
[0.177s] Invoked command in '/home/shuwn/my_fishrobot/demo01/build/fishbot' returned '0': CMAKE_PREFIX_PATH=${CMAKE_PREFIX_PATH}:/opt/ros/humble /usr/bin/cmake --build /home/shuwn/my_fishrobot/demo01/build/fishbot -- -j16 -l16
[0.205s] Invoking command in '/home/shuwn/my_fishrobot/demo01/build/fishbot': CMAKE_PREFIX_PATH=${CMAKE_PREFIX_PATH}:/opt/ros/humble /usr/bin/cmake --install /home/shuwn/my_fishrobot/demo01/build/fishbot
[0.210s] -- Install configuration: ""
[0.210s] -- Up-to-date: /home/shuwn/my_fishrobot/demo01/install/fishbot/share/fishbot//launch
[0.210s] -- Up-to-date: /home/shuwn/my_fishrobot/demo01/install/fishbot/share/fishbot//launch/display_robot.launch.py
[0.210s] -- Installing: /home/shuwn/my_fishrobot/demo01/install/fishbot/share/fishbot//launch/gazebo_sim.launch.py
[0.210s] -- Up-to-date: /home/shuwn/my_fishrobot/demo01/install/fishbot/share/fishbot//urdf
[0.210s] -- Up-to-date: /home/shuwn/my_fishrobot/demo01/install/fishbot/share/fishbot//urdf/common_inertia.xacro
[0.211s] -- Installing: /home/shuwn/my_fishrobot/demo01/install/fishbot/share/fishbot//urdf/fishbot.xacro
[0.211s] -- Up-to-date: /home/shuwn/my_fishrobot/demo01/install/fishbot/share/fishbot//urdf/fishcar
[0.211s] -- Up-to-date: /home/shuwn/my_fishrobot/demo01/install/fishbot/share/fishbot//urdf/fishcar/base.xacro
[0.211s] -- Up-to-date: /home/shuwn/my_fishrobot/demo01/install/fishbot/share/fishbot//urdf/fishcar/plugins
[0.211s] -- Installing: /home/shuwn/my_fishrobot/demo01/install/fishbot/share/fishbot//urdf/fishcar/plugins/gazebo_control_plugin.xacro
[0.211s] -- Installing: /home/shuwn/my_fishrobot/demo01/install/fishbot/share/fishbot//urdf/fishcar/fishbot.ros2_control.xacro
[0.211s] -- Up-to-date: /home/shuwn/my_fishrobot/demo01/install/fishbot/share/fishbot//urdf/fishcar/actuator
[0.211s] -- Up-to-date: /home/shuwn/my_fishrobot/demo01/install/fishbot/share/fishbot//urdf/fishcar/actuator/wheel.xacro
[0.211s] -- Up-to-date: /home/shuwn/my_fishrobot/demo01/install/fishbot/share/fishbot//urdf/fishcar/actuator/caster.xacro
[0.211s] -- Up-to-date: /home/shuwn/my_fishrobot/demo01/install/fishbot/share/fishbot//world
[0.211s] -- Up-to-date: /home/shuwn/my_fishrobot/demo01/install/fishbot/share/fishbot//world/custom_room.world
[0.211s] -- Up-to-date: /home/shuwn/my_fishrobot/demo01/install/fishbot/share/fishbot//world/room
[0.211s] -- Up-to-date: /home/shuwn/my_fishrobot/demo01/install/fishbot/share/fishbot//world/room/model.sdf
[0.211s] -- Up-to-date: /home/shuwn/my_fishrobot/demo01/install/fishbot/share/fishbot//world/room/model.config
[0.212s] -- Installing: /home/shuwn/my_fishrobot/demo01/install/fishbot/share/fishbot//config
[0.212s] -- Installing: /home/shuwn/my_fishrobot/demo01/install/fishbot/share/fishbot//config/fishbot_ros2_controller.yaml
[0.212s] -- Up-to-date: /home/shuwn/my_fishrobot/demo01/install/fishbot/share/ament_index/resource_index/package_run_dependencies/fishbot
[0.212s] -- Up-to-date: /home/shuwn/my_fishrobot/demo01/install/fishbot/share/ament_index/resource_index/parent_prefix_path/fishbot
[0.212s] -- Up-to-date: /home/shuwn/my_fishrobot/demo01/install/fishbot/share/fishbot/environment/ament_prefix_path.sh
[0.212s] -- Installing: /home/shuwn/my_fishrobot/demo01/install/fishbot/share/fishbot/environment/ament_prefix_path.dsv
[0.212s] -- Up-to-date: /home/shuwn/my_fishrobot/demo01/install/fishbot/share/fishbot/environment/path.sh
[0.212s] -- Installing: /home/shuwn/my_fishrobot/demo01/install/fishbot/share/fishbot/environment/path.dsv
[0.212s] -- Up-to-date: /home/shuwn/my_fishrobot/demo01/install/fishbot/share/fishbot/local_setup.bash
[0.212s] -- Up-to-date: /home/shuwn/my_fishrobot/demo01/install/fishbot/share/fishbot/local_setup.sh
[0.212s] -- Up-to-date: /home/shuwn/my_fishrobot/demo01/install/fishbot/share/fishbot/local_setup.zsh
[0.213s] -- Installing: /home/shuwn/my_fishrobot/demo01/install/fishbot/share/fishbot/local_setup.dsv
[0.213s] -- Installing: /home/shuwn/my_fishrobot/demo01/install/fishbot/share/fishbot/package.dsv
[0.213s] -- Up-to-date: /home/shuwn/my_fishrobot/demo01/install/fishbot/share/ament_index/resource_index/packages/fishbot
[0.213s] -- Up-to-date: /home/shuwn/my_fishrobot/demo01/install/fishbot/share/fishbot/cmake/fishbotConfig.cmake
[0.214s] -- Up-to-date: /home/shuwn/my_fishrobot/demo01/install/fishbot/share/fishbot/cmake/fishbotConfig-version.cmake
[0.214s] -- Up-to-date: /home/shuwn/my_fishrobot/demo01/install/fishbot/share/fishbot/package.xml
[0.216s] Invoked command in '/home/shuwn/my_fishrobot/demo01/build/fishbot' returned '0': CMAKE_PREFIX_PATH=${CMAKE_PREFIX_PATH}:/opt/ros/humble /usr/bin/cmake --install /home/shuwn/my_fishrobot/demo01/build/fishbot
