[0.060s] DEBUG:colcon:Command line arguments: ['/usr/bin/colcon', 'build']
[0.060s] DEBUG:colcon:Parsed command line arguments: Namespace(log_base=None, log_level=None, verb_name='build', build_base='build', install_base='install', merge_install=False, symlink_install=False, test_result_base=None, continue_on_error=False, executor='parallel', parallel_workers=16, event_handlers=None, ignore_user_meta=False, metas=['./colcon.meta'], base_paths=['.'], packages_ignore=None, packages_ignore_regex=None, paths=None, packages_up_to=None, packages_up_to_regex=None, packages_above=None, packages_above_and_dependencies=None, packages_above_depth=None, packages_select_by_dep=None, packages_skip_by_dep=None, packages_skip_up_to=None, packages_select_build_failed=False, packages_skip_build_finished=False, packages_select_test_failures=False, packages_skip_test_passed=False, packages_select=None, packages_skip=None, packages_select_regex=None, packages_skip_regex=None, packages_start=None, packages_end=None, allow_overriding=[], cmake_args=None, cmake_target=None, cmake_target_skip_unavailable=False, cmake_clean_cache=False, cmake_clean_first=False, cmake_force_configure=False, ament_cmake_args=None, catkin_cmake_args=None, catkin_skip_building_tests=False, verb_parser=<colcon_defaults.argument_parser.defaults.DefaultArgumentsDecorator object at 0x79cce6750af0>, verb_extension=<colcon_core.verb.build.BuildVerb object at 0x79cce6750580>, main=<bound method BuildVerb.main of <colcon_core.verb.build.BuildVerb object at 0x79cce6750580>>)
[0.146s] Level 1:colcon.colcon_core.package_discovery:discover_packages(colcon_meta) check parameters
[0.146s] Level 1:colcon.colcon_core.package_discovery:discover_packages(recursive) check parameters
[0.146s] Level 1:colcon.colcon_core.package_discovery:discover_packages(ignore) check parameters
[0.146s] Level 1:colcon.colcon_core.package_discovery:discover_packages(path) check parameters
[0.146s] Level 1:colcon.colcon_core.package_discovery:discover_packages(colcon_meta) discover
[0.146s] Level 1:colcon.colcon_core.package_discovery:discover_packages(recursive) discover
[0.146s] INFO:colcon.colcon_core.package_discovery:Crawling recursively for packages in '/home/shuwn/my_fishrobot/demo01'
[0.147s] Level 1:colcon.colcon_core.package_identification:_identify(.) by extensions ['ignore', 'ignore_ament_install']
[0.147s] Level 1:colcon.colcon_core.package_identification:_identify(.) by extension 'ignore'
[0.147s] Level 1:colcon.colcon_core.package_identification:_identify(.) by extension 'ignore_ament_install'
[0.147s] Level 1:colcon.colcon_core.package_identification:_identify(.) by extensions ['colcon_pkg']
[0.147s] Level 1:colcon.colcon_core.package_identification:_identify(.) by extension 'colcon_pkg'
[0.147s] Level 1:colcon.colcon_core.package_identification:_identify(.) by extensions ['colcon_meta']
[0.147s] Level 1:colcon.colcon_core.package_identification:_identify(.) by extension 'colcon_meta'
[0.147s] Level 1:colcon.colcon_core.package_identification:_identify(.) by extensions ['ros']
[0.147s] Level 1:colcon.colcon_core.package_identification:_identify(.) by extension 'ros'
[0.153s] Level 1:colcon.colcon_core.package_identification:_identify(.) by extensions ['cmake', 'python']
[0.153s] Level 1:colcon.colcon_core.package_identification:_identify(.) by extension 'cmake'
[0.153s] Level 1:colcon.colcon_core.package_identification:_identify(.) by extension 'python'
[0.153s] Level 1:colcon.colcon_core.package_identification:_identify(.) by extensions ['python_setup_py']
[0.153s] Level 1:colcon.colcon_core.package_identification:_identify(.) by extension 'python_setup_py'
[0.153s] Level 1:colcon.colcon_core.package_identification:_identify(build) by extensions ['ignore', 'ignore_ament_install']
[0.153s] Level 1:colcon.colcon_core.package_identification:_identify(build) by extension 'ignore'
[0.153s] Level 1:colcon.colcon_core.package_identification:_identify(build) ignored
[0.153s] Level 1:colcon.colcon_core.package_identification:_identify(install) by extensions ['ignore', 'ignore_ament_install']
[0.153s] Level 1:colcon.colcon_core.package_identification:_identify(install) by extension 'ignore'
[0.153s] Level 1:colcon.colcon_core.package_identification:_identify(install) ignored
[0.153s] Level 1:colcon.colcon_core.package_identification:_identify(log) by extensions ['ignore', 'ignore_ament_install']
[0.153s] Level 1:colcon.colcon_core.package_identification:_identify(log) by extension 'ignore'
[0.153s] Level 1:colcon.colcon_core.package_identification:_identify(log) ignored
[0.153s] Level 1:colcon.colcon_core.package_identification:_identify(src) by extensions ['ignore', 'ignore_ament_install']
[0.153s] Level 1:colcon.colcon_core.package_identification:_identify(src) by extension 'ignore'
[0.153s] Level 1:colcon.colcon_core.package_identification:_identify(src) by extension 'ignore_ament_install'
[0.153s] Level 1:colcon.colcon_core.package_identification:_identify(src) by extensions ['colcon_pkg']
[0.154s] Level 1:colcon.colcon_core.package_identification:_identify(src) by extension 'colcon_pkg'
[0.154s] Level 1:colcon.colcon_core.package_identification:_identify(src) by extensions ['colcon_meta']
[0.154s] Level 1:colcon.colcon_core.package_identification:_identify(src) by extension 'colcon_meta'
[0.154s] Level 1:colcon.colcon_core.package_identification:_identify(src) by extensions ['ros']
[0.154s] Level 1:colcon.colcon_core.package_identification:_identify(src) by extension 'ros'
[0.154s] Level 1:colcon.colcon_core.package_identification:_identify(src) by extensions ['cmake', 'python']
[0.154s] Level 1:colcon.colcon_core.package_identification:_identify(src) by extension 'cmake'
[0.154s] Level 1:colcon.colcon_core.package_identification:_identify(src) by extension 'python'
[0.154s] Level 1:colcon.colcon_core.package_identification:_identify(src) by extensions ['python_setup_py']
[0.154s] Level 1:colcon.colcon_core.package_identification:_identify(src) by extension 'python_setup_py'
[0.154s] Level 1:colcon.colcon_core.package_identification:_identify(src/fishbot) by extensions ['ignore', 'ignore_ament_install']
[0.154s] Level 1:colcon.colcon_core.package_identification:_identify(src/fishbot) by extension 'ignore'
[0.154s] Level 1:colcon.colcon_core.package_identification:_identify(src/fishbot) by extension 'ignore_ament_install'
[0.154s] Level 1:colcon.colcon_core.package_identification:_identify(src/fishbot) by extensions ['colcon_pkg']
[0.154s] Level 1:colcon.colcon_core.package_identification:_identify(src/fishbot) by extension 'colcon_pkg'
[0.154s] Level 1:colcon.colcon_core.package_identification:_identify(src/fishbot) by extensions ['colcon_meta']
[0.154s] Level 1:colcon.colcon_core.package_identification:_identify(src/fishbot) by extension 'colcon_meta'
[0.154s] Level 1:colcon.colcon_core.package_identification:_identify(src/fishbot) by extensions ['ros']
[0.154s] Level 1:colcon.colcon_core.package_identification:_identify(src/fishbot) by extension 'ros'
[0.155s] DEBUG:colcon.colcon_core.package_identification:Package 'src/fishbot' with type 'ros.ament_cmake' and name 'fishbot'
[0.155s] Level 1:colcon.colcon_core.package_discovery:discover_packages(recursive) using defaults
[0.155s] Level 1:colcon.colcon_core.package_discovery:discover_packages(ignore) discover
[0.155s] Level 1:colcon.colcon_core.package_discovery:discover_packages(ignore) using defaults
[0.155s] Level 1:colcon.colcon_core.package_discovery:discover_packages(path) discover
[0.155s] Level 1:colcon.colcon_core.package_discovery:discover_packages(path) using defaults
[0.166s] Level 1:colcon.colcon_core.package_discovery:discover_packages(prefix_path) check parameters
[0.166s] Level 1:colcon.colcon_core.package_discovery:discover_packages(prefix_path) discover
[0.166s] WARNING:colcon.colcon_core.prefix_path.colcon:The path '/home/shuwn/my_fishrobot/install' in the environment variable COLCON_PREFIX_PATH doesn't exist
[0.166s] WARNING:colcon.colcon_ros.prefix_path.ament:The path '/home/shuwn/my_fishrobot/install/fishbot' in the environment variable AMENT_PREFIX_PATH doesn't exist
[0.166s] WARNING:colcon.colcon_ros.prefix_path.catkin:The path '/home/shuwn/my_fishrobot/install/fishbot' in the environment variable CMAKE_PREFIX_PATH doesn't exist
[0.167s] DEBUG:colcon.colcon_installed_package_information.package_discovery:Found 1 installed packages in /home/shuwn/my_fishrobot/demo01/install
[0.168s] DEBUG:colcon.colcon_installed_package_information.package_discovery:Found 331 installed packages in /opt/ros/humble
[0.182s] Level 1:colcon.colcon_core.package_discovery:discover_packages(prefix_path) using defaults
[0.209s] Level 5:colcon.colcon_core.verb:set package 'fishbot' build argument 'cmake_args' from command line to 'None'
[0.209s] Level 5:colcon.colcon_core.verb:set package 'fishbot' build argument 'cmake_target' from command line to 'None'
[0.209s] Level 5:colcon.colcon_core.verb:set package 'fishbot' build argument 'cmake_target_skip_unavailable' from command line to 'False'
[0.209s] Level 5:colcon.colcon_core.verb:set package 'fishbot' build argument 'cmake_clean_cache' from command line to 'False'
[0.209s] Level 5:colcon.colcon_core.verb:set package 'fishbot' build argument 'cmake_clean_first' from command line to 'False'
[0.209s] Level 5:colcon.colcon_core.verb:set package 'fishbot' build argument 'cmake_force_configure' from command line to 'False'
[0.209s] Level 5:colcon.colcon_core.verb:set package 'fishbot' build argument 'ament_cmake_args' from command line to 'None'
[0.209s] Level 5:colcon.colcon_core.verb:set package 'fishbot' build argument 'catkin_cmake_args' from command line to 'None'
[0.209s] Level 5:colcon.colcon_core.verb:set package 'fishbot' build argument 'catkin_skip_building_tests' from command line to 'False'
[0.209s] DEBUG:colcon.colcon_core.verb:Building package 'fishbot' with the following arguments: {'ament_cmake_args': None, 'build_base': '/home/shuwn/my_fishrobot/demo01/build/fishbot', 'catkin_cmake_args': None, 'catkin_skip_building_tests': False, 'cmake_args': None, 'cmake_clean_cache': False, 'cmake_clean_first': False, 'cmake_force_configure': False, 'cmake_target': None, 'cmake_target_skip_unavailable': False, 'install_base': '/home/shuwn/my_fishrobot/demo01/install/fishbot', 'merge_install': False, 'path': '/home/shuwn/my_fishrobot/demo01/src/fishbot', 'symlink_install': False, 'test_result_base': None}
[0.209s] INFO:colcon.colcon_core.executor:Executing jobs using 'parallel' executor
[0.210s] DEBUG:colcon.colcon_parallel_executor.executor.parallel:run_until_complete
[0.210s] INFO:colcon.colcon_ros.task.ament_cmake.build:Building ROS package in '/home/shuwn/my_fishrobot/demo01/src/fishbot' with build type 'ament_cmake'
[0.210s] INFO:colcon.colcon_cmake.task.cmake.build:Building CMake package in '/home/shuwn/my_fishrobot/demo01/src/fishbot'
[0.211s] INFO:colcon.colcon_core.plugin_system:Skipping extension 'colcon_core.shell.bat': Not used on non-Windows systems
[0.212s] INFO:colcon.colcon_core.shell:Skip shell extension 'powershell' for command environment: Not usable outside of PowerShell
[0.212s] DEBUG:colcon.colcon_core.shell:Skip shell extension 'dsv' for command environment
[0.218s] DEBUG:colcon.colcon_core.event_handler.log_command:Invoking command in '/home/shuwn/my_fishrobot/demo01/build/fishbot': CMAKE_PREFIX_PATH=${CMAKE_PREFIX_PATH}:/opt/ros/humble /usr/bin/cmake --build /home/shuwn/my_fishrobot/demo01/build/fishbot -- -j16 -l16
[0.382s] DEBUG:colcon.colcon_core.event_handler.log_command:Invoked command in '/home/shuwn/my_fishrobot/demo01/build/fishbot' returned '0': CMAKE_PREFIX_PATH=${CMAKE_PREFIX_PATH}:/opt/ros/humble /usr/bin/cmake --build /home/shuwn/my_fishrobot/demo01/build/fishbot -- -j16 -l16
[0.414s] DEBUG:colcon.colcon_core.event_handler.log_command:Invoking command in '/home/shuwn/my_fishrobot/demo01/build/fishbot': CMAKE_PREFIX_PATH=${CMAKE_PREFIX_PATH}:/opt/ros/humble /usr/bin/cmake --install /home/shuwn/my_fishrobot/demo01/build/fishbot
[0.423s] Level 1:colcon.colcon_core.environment:create_environment_scripts_only(fishbot)
[0.424s] DEBUG:colcon.colcon_core.event_handler.log_command:Invoked command in '/home/shuwn/my_fishrobot/demo01/build/fishbot' returned '0': CMAKE_PREFIX_PATH=${CMAKE_PREFIX_PATH}:/opt/ros/humble /usr/bin/cmake --install /home/shuwn/my_fishrobot/demo01/build/fishbot
[0.425s] Level 1:colcon.colcon_core.environment:checking '/home/shuwn/my_fishrobot/demo01/install/fishbot' for CMake module files
[0.425s] Level 1:colcon.colcon_core.environment:checking '/home/shuwn/my_fishrobot/demo01/install/fishbot' for CMake config files
[0.425s] Level 1:colcon.colcon_core.shell:create_environment_hook('fishbot', 'cmake_prefix_path')
[0.426s] INFO:colcon.colcon_core.shell:Creating environment hook '/home/shuwn/my_fishrobot/demo01/install/fishbot/share/fishbot/hook/cmake_prefix_path.ps1'
[0.426s] INFO:colcon.colcon_core.shell:Creating environment descriptor '/home/shuwn/my_fishrobot/demo01/install/fishbot/share/fishbot/hook/cmake_prefix_path.dsv'
[0.426s] INFO:colcon.colcon_core.shell:Creating environment hook '/home/shuwn/my_fishrobot/demo01/install/fishbot/share/fishbot/hook/cmake_prefix_path.sh'
[0.427s] Level 1:colcon.colcon_core.environment:checking '/home/shuwn/my_fishrobot/demo01/install/fishbot/bin'
[0.427s] Level 1:colcon.colcon_core.environment:checking '/home/shuwn/my_fishrobot/demo01/install/fishbot/lib/pkgconfig/fishbot.pc'
[0.427s] Level 1:colcon.colcon_core.environment:checking '/home/shuwn/my_fishrobot/demo01/install/fishbot/lib/python3.10/site-packages'
[0.427s] Level 1:colcon.colcon_core.environment:checking '/home/shuwn/my_fishrobot/demo01/install/fishbot/bin'
[0.428s] INFO:colcon.colcon_core.shell:Creating package script '/home/shuwn/my_fishrobot/demo01/install/fishbot/share/fishbot/package.ps1'
[0.428s] INFO:colcon.colcon_core.shell:Creating package descriptor '/home/shuwn/my_fishrobot/demo01/install/fishbot/share/fishbot/package.dsv'
[0.428s] INFO:colcon.colcon_core.shell:Creating package script '/home/shuwn/my_fishrobot/demo01/install/fishbot/share/fishbot/package.sh'
[0.429s] INFO:colcon.colcon_core.shell:Creating package script '/home/shuwn/my_fishrobot/demo01/install/fishbot/share/fishbot/package.bash'
[0.429s] INFO:colcon.colcon_core.shell:Creating package script '/home/shuwn/my_fishrobot/demo01/install/fishbot/share/fishbot/package.zsh'
[0.429s] Level 1:colcon.colcon_core.environment:create_file_with_runtime_dependencies(/home/shuwn/my_fishrobot/demo01/install/fishbot/share/colcon-core/packages/fishbot)
[0.450s] Level 1:colcon.colcon_core.environment:create_environment_scripts_only(fishbot)
[0.450s] Level 1:colcon.colcon_core.environment:checking '/home/shuwn/my_fishrobot/demo01/install/fishbot' for CMake module files
[0.450s] Level 1:colcon.colcon_core.environment:checking '/home/shuwn/my_fishrobot/demo01/install/fishbot' for CMake config files
[0.451s] Level 1:colcon.colcon_core.shell:create_environment_hook('fishbot', 'cmake_prefix_path')
[0.451s] INFO:colcon.colcon_core.shell:Creating environment hook '/home/shuwn/my_fishrobot/demo01/install/fishbot/share/fishbot/hook/cmake_prefix_path.ps1'
[0.451s] INFO:colcon.colcon_core.shell:Creating environment descriptor '/home/shuwn/my_fishrobot/demo01/install/fishbot/share/fishbot/hook/cmake_prefix_path.dsv'
[0.451s] INFO:colcon.colcon_core.shell:Creating environment hook '/home/shuwn/my_fishrobot/demo01/install/fishbot/share/fishbot/hook/cmake_prefix_path.sh'
[0.452s] Level 1:colcon.colcon_core.environment:checking '/home/shuwn/my_fishrobot/demo01/install/fishbot/bin'
[0.452s] Level 1:colcon.colcon_core.environment:checking '/home/shuwn/my_fishrobot/demo01/install/fishbot/lib/pkgconfig/fishbot.pc'
[0.452s] Level 1:colcon.colcon_core.environment:checking '/home/shuwn/my_fishrobot/demo01/install/fishbot/lib/python3.10/site-packages'
[0.452s] Level 1:colcon.colcon_core.environment:checking '/home/shuwn/my_fishrobot/demo01/install/fishbot/bin'
[0.452s] INFO:colcon.colcon_core.shell:Creating package script '/home/shuwn/my_fishrobot/demo01/install/fishbot/share/fishbot/package.ps1'
[0.452s] INFO:colcon.colcon_core.shell:Creating package descriptor '/home/shuwn/my_fishrobot/demo01/install/fishbot/share/fishbot/package.dsv'
[0.453s] INFO:colcon.colcon_core.shell:Creating package script '/home/shuwn/my_fishrobot/demo01/install/fishbot/share/fishbot/package.sh'
[0.453s] INFO:colcon.colcon_core.shell:Creating package script '/home/shuwn/my_fishrobot/demo01/install/fishbot/share/fishbot/package.bash'
[0.453s] INFO:colcon.colcon_core.shell:Creating package script '/home/shuwn/my_fishrobot/demo01/install/fishbot/share/fishbot/package.zsh'
[0.453s] Level 1:colcon.colcon_core.environment:create_file_with_runtime_dependencies(/home/shuwn/my_fishrobot/demo01/install/fishbot/share/colcon-core/packages/fishbot)
[0.453s] DEBUG:colcon.colcon_parallel_executor.executor.parallel:closing loop
[0.454s] DEBUG:colcon.colcon_parallel_executor.executor.parallel:loop closed
[0.454s] DEBUG:colcon.colcon_parallel_executor.executor.parallel:run_until_complete finished with '0'
[0.454s] DEBUG:colcon.colcon_core.event_reactor:joining thread
[0.457s] INFO:colcon.colcon_core.plugin_system:Skipping extension 'colcon_notification.desktop_notification.terminal_notifier': Not used on non-Darwin systems
[0.457s] INFO:colcon.colcon_core.plugin_system:Skipping extension 'colcon_notification.desktop_notification.win32': Not used on non-Windows systems
[0.457s] INFO:colcon.colcon_notification.desktop_notification:Sending desktop notification using 'notify2'
[0.465s] DEBUG:colcon.colcon_core.event_reactor:joined thread
[0.466s] INFO:colcon.colcon_core.shell:Creating prefix script '/home/shuwn/my_fishrobot/demo01/install/local_setup.ps1'
[0.467s] INFO:colcon.colcon_core.shell:Creating prefix util module '/home/shuwn/my_fishrobot/demo01/install/_local_setup_util_ps1.py'
[0.468s] INFO:colcon.colcon_core.shell:Creating prefix chain script '/home/shuwn/my_fishrobot/demo01/install/setup.ps1'
[0.469s] INFO:colcon.colcon_core.shell:Creating prefix script '/home/shuwn/my_fishrobot/demo01/install/local_setup.sh'
[0.469s] INFO:colcon.colcon_core.shell:Creating prefix util module '/home/shuwn/my_fishrobot/demo01/install/_local_setup_util_sh.py'
[0.470s] INFO:colcon.colcon_core.shell:Creating prefix chain script '/home/shuwn/my_fishrobot/demo01/install/setup.sh'
[0.470s] INFO:colcon.colcon_core.shell:Creating prefix script '/home/shuwn/my_fishrobot/demo01/install/local_setup.bash'
[0.471s] INFO:colcon.colcon_core.shell:Creating prefix chain script '/home/shuwn/my_fishrobot/demo01/install/setup.bash'
[0.471s] INFO:colcon.colcon_core.shell:Creating prefix script '/home/shuwn/my_fishrobot/demo01/install/local_setup.zsh'
[0.472s] INFO:colcon.colcon_core.shell:Creating prefix chain script '/home/shuwn/my_fishrobot/demo01/install/setup.zsh'
