[0.008s] Invoking command in '/home/shuwn/my_fishrobot/demo01/build/fishbot': CMAKE_PREFIX_PATH=/opt/ros/humble /usr/bin/cmake /home/shuwn/my_fishrobot/demo01/src/fishbot -DCMAKE_INSTALL_PREFIX=/home/shuwn/my_fishrobot/demo01/install/fishbot
[0.092s] -- The C compiler identification is GNU 11.4.0
[0.149s] -- The CXX compiler identification is GNU 11.4.0
[0.156s] -- Detecting C compiler ABI info
[0.215s] -- Detecting C compiler ABI info - done
[0.218s] -- Check for working C compiler: /usr/bin/cc - skipped
[0.218s] -- Detecting C compile features
[0.219s] -- Detecting C compile features - done
[0.221s] -- Detecting CXX compiler ABI info
[0.286s] -- Detecting CXX compiler ABI info - done
[0.290s] -- Check for working CXX compiler: /usr/bin/c++ - skipped
[0.290s] -- Detecting CXX compile features
[0.290s] -- Detecting CXX compile features - done
[0.292s] -- Found ament_cmake: 1.3.10 (/opt/ros/humble/share/ament_cmake/cmake)
[0.392s] -- Found Python3: /usr/bin/python3 (found version "3.10.12") found components: Interpreter 
[0.455s] -- Found ament_lint_auto: 0.12.11 (/opt/ros/humble/share/ament_lint_auto/cmake)
[0.505s] -- Added test 'flake8' to check Python code syntax and style conventions
[0.505s] -- Added test 'lint_cmake' to check CMake code style
[0.505s] -- Added test 'pep257' to check Python code against some of the docstring style conventions in PEP 257
[0.506s] -- Added test 'xmllint' to check XML markup files
[0.507s] -- Configuring done
[0.509s] -- Generating done
[0.510s] -- Build files have been written to: /home/shuwn/my_fishrobot/demo01/build/fishbot
[0.517s] Invoked command in '/home/shuwn/my_fishrobot/demo01/build/fishbot' returned '0': CMAKE_PREFIX_PATH=/opt/ros/humble /usr/bin/cmake /home/shuwn/my_fishrobot/demo01/src/fishbot -DCMAKE_INSTALL_PREFIX=/home/shuwn/my_fishrobot/demo01/install/fishbot
[0.519s] Invoking command in '/home/shuwn/my_fishrobot/demo01/build/fishbot': CMAKE_PREFIX_PATH=/opt/ros/humble /usr/bin/cmake --build /home/shuwn/my_fishrobot/demo01/build/fishbot -- -j16 -l16
[0.549s] Invoked command in '/home/shuwn/my_fishrobot/demo01/build/fishbot' returned '0': CMAKE_PREFIX_PATH=/opt/ros/humble /usr/bin/cmake --build /home/shuwn/my_fishrobot/demo01/build/fishbot -- -j16 -l16
[0.580s] Invoking command in '/home/shuwn/my_fishrobot/demo01/build/fishbot': CMAKE_PREFIX_PATH=/opt/ros/humble /usr/bin/cmake --install /home/shuwn/my_fishrobot/demo01/build/fishbot
[0.585s] -- Install configuration: ""
[0.585s] -- Installing: /home/shuwn/my_fishrobot/demo01/install/fishbot/share/fishbot//launch
[0.585s] -- Installing: /home/shuwn/my_fishrobot/demo01/install/fishbot/share/fishbot//launch/display_robot.launch.py
[0.585s] -- Installing: /home/shuwn/my_fishrobot/demo01/install/fishbot/share/ament_index/resource_index/package_run_dependencies/fishbot
[0.586s] -- Installing: /home/shuwn/my_fishrobot/demo01/install/fishbot/share/ament_index/resource_index/parent_prefix_path/fishbot
[0.586s] -- Installing: /home/shuwn/my_fishrobot/demo01/install/fishbot/share/fishbot/environment/ament_prefix_path.sh
[0.586s] -- Installing: /home/shuwn/my_fishrobot/demo01/install/fishbot/share/fishbot/environment/ament_prefix_path.dsv
[0.586s] -- Installing: /home/shuwn/my_fishrobot/demo01/install/fishbot/share/fishbot/environment/path.sh
[0.586s] -- Installing: /home/shuwn/my_fishrobot/demo01/install/fishbot/share/fishbot/environment/path.dsv
[0.586s] -- Installing: /home/shuwn/my_fishrobot/demo01/install/fishbot/share/fishbot/local_setup.bash
[0.586s] -- Installing: /home/shuwn/my_fishrobot/demo01/install/fishbot/share/fishbot/local_setup.sh
[0.586s] -- Installing: /home/shuwn/my_fishrobot/demo01/install/fishbot/share/fishbot/local_setup.zsh
[0.586s] -- Installing: /home/shuwn/my_fishrobot/demo01/install/fishbot/share/fishbot/local_setup.dsv
[0.586s] -- Installing: /home/shuwn/my_fishrobot/demo01/install/fishbot/share/fishbot/package.dsv
[0.587s] -- Installing: /home/shuwn/my_fishrobot/demo01/install/fishbot/share/ament_index/resource_index/packages/fishbot
[0.587s] -- Installing: /home/shuwn/my_fishrobot/demo01/install/fishbot/share/fishbot/cmake/fishbotConfig.cmake
[0.587s] -- Installing: /home/shuwn/my_fishrobot/demo01/install/fishbot/share/fishbot/cmake/fishbotConfig-version.cmake
[0.587s] -- Installing: /home/shuwn/my_fishrobot/demo01/install/fishbot/share/fishbot/package.xml
[0.589s] Invoked command in '/home/shuwn/my_fishrobot/demo01/build/fishbot' returned '0': CMAKE_PREFIX_PATH=/opt/ros/humble /usr/bin/cmake --install /home/shuwn/my_fishrobot/demo01/build/fishbot
