[0.010s] Invoking command in '/home/shuwn/my_fishrobot/demo03/build/fishbot': CMAKE_PREFIX_PATH=${CMAKE_PREFIX_PATH}:/opt/ros/humble /usr/bin/cmake /home/shuwn/my_fishrobot/demo03/src/fishbot -DCMAKE_INSTALL_PREFIX=/home/shuwn/my_fishrobot/demo03/install/fishbot
[0.075s] -- The C compiler identification is GNU 11.4.0
[0.140s] -- The CXX compiler identification is GNU 11.4.0
[0.147s] -- Detecting C compiler ABI info
[0.227s] -- Detecting C compiler ABI info - done
[0.232s] -- Check for working C compiler: /usr/bin/cc - skipped
[0.232s] -- Detecting C compile features
[0.232s] -- Detecting C compile features - done
[0.235s] -- Detecting CXX compiler ABI info
[0.318s] -- Detecting CXX compiler ABI info - done
[0.329s] -- Check for working CXX compiler: /usr/bin/c++ - skipped
[0.329s] -- Detecting CXX compile features
[0.329s] -- Detecting CXX compile features - done
[0.331s] -- Found ament_cmake: 1.3.10 (/opt/ros/humble/share/ament_cmake/cmake)
[0.457s] -- Found Python3: /usr/bin/python3 (found version "3.10.12") found components: Interpreter 
[0.526s] -- Found ament_lint_auto: 0.12.11 (/opt/ros/humble/share/ament_lint_auto/cmake)
[0.579s] -- Added test 'flake8' to check Python code syntax and style conventions
[0.579s] -- Added test 'lint_cmake' to check CMake code style
[0.580s] -- Added test 'pep257' to check Python code against some of the docstring style conventions in PEP 257
[0.582s] -- Added test 'xmllint' to check XML markup files
[0.582s] -- Configuring done
[0.586s] -- Generating done
[0.587s] -- Build files have been written to: /home/shuwn/my_fishrobot/demo03/build/fishbot
[0.593s] Invoked command in '/home/shuwn/my_fishrobot/demo03/build/fishbot' returned '0': CMAKE_PREFIX_PATH=${CMAKE_PREFIX_PATH}:/opt/ros/humble /usr/bin/cmake /home/shuwn/my_fishrobot/demo03/src/fishbot -DCMAKE_INSTALL_PREFIX=/home/shuwn/my_fishrobot/demo03/install/fishbot
[0.595s] Invoking command in '/home/shuwn/my_fishrobot/demo03/build/fishbot': CMAKE_PREFIX_PATH=${CMAKE_PREFIX_PATH}:/opt/ros/humble /usr/bin/cmake --build /home/shuwn/my_fishrobot/demo03/build/fishbot -- -j16 -l16
[0.652s] Invoked command in '/home/shuwn/my_fishrobot/demo03/build/fishbot' returned '0': CMAKE_PREFIX_PATH=${CMAKE_PREFIX_PATH}:/opt/ros/humble /usr/bin/cmake --build /home/shuwn/my_fishrobot/demo03/build/fishbot -- -j16 -l16
[0.690s] Invoking command in '/home/shuwn/my_fishrobot/demo03/build/fishbot': CMAKE_PREFIX_PATH=${CMAKE_PREFIX_PATH}:/opt/ros/humble /usr/bin/cmake --install /home/shuwn/my_fishrobot/demo03/build/fishbot
[0.698s] -- Install configuration: ""
[0.698s] -- Installing: /home/shuwn/my_fishrobot/demo03/install/fishbot/share/fishbot//launch
[0.698s] -- Installing: /home/shuwn/my_fishrobot/demo03/install/fishbot/share/fishbot//launch/display_robot.launch.py
[0.698s] -- Installing: /home/shuwn/my_fishrobot/demo03/install/fishbot/share/fishbot//launch/gazebo_sim.launch.py
[0.698s] -- Installing: /home/shuwn/my_fishrobot/demo03/install/fishbot/share/fishbot//urdf
[0.698s] -- Installing: /home/shuwn/my_fishrobot/demo03/install/fishbot/share/fishbot//urdf/common_inertia.xacro
[0.699s] -- Installing: /home/shuwn/my_fishrobot/demo03/install/fishbot/share/fishbot//urdf/fishbot.xacro
[0.699s] -- Installing: /home/shuwn/my_fishrobot/demo03/install/fishbot/share/fishbot//urdf/fishcar
[0.699s] -- Installing: /home/shuwn/my_fishrobot/demo03/install/fishbot/share/fishbot//urdf/fishcar/base.xacro
[0.699s] -- Installing: /home/shuwn/my_fishrobot/demo03/install/fishbot/share/fishbot//urdf/fishcar/sensor
[0.699s] -- Installing: /home/shuwn/my_fishrobot/demo03/install/fishbot/share/fishbot//urdf/fishcar/sensor/laser.xacro
[0.699s] -- Installing: /home/shuwn/my_fishrobot/demo03/install/fishbot/share/fishbot//urdf/fishcar/sensor/camera.xacro
[0.699s] -- Installing: /home/shuwn/my_fishrobot/demo03/install/fishbot/share/fishbot//urdf/fishcar/sensor/imu.xacro
[0.699s] -- Installing: /home/shuwn/my_fishrobot/demo03/install/fishbot/share/fishbot//urdf/fishcar/fishbot_control.xacro
[0.699s] -- Installing: /home/shuwn/my_fishrobot/demo03/install/fishbot/share/fishbot//urdf/fishcar/plugins
[0.699s] -- Installing: /home/shuwn/my_fishrobot/demo03/install/fishbot/share/fishbot//urdf/fishcar/plugins/gazebo_control_plugin.xacro
[0.699s] -- Installing: /home/shuwn/my_fishrobot/demo03/install/fishbot/share/fishbot//urdf/fishcar/plugins/gazebo_sensor_plugin.xacro
[0.699s] -- Installing: /home/shuwn/my_fishrobot/demo03/install/fishbot/share/fishbot//urdf/fishcar/actuator
[0.699s] -- Installing: /home/shuwn/my_fishrobot/demo03/install/fishbot/share/fishbot//urdf/fishcar/actuator/wheel.xacro
[0.699s] -- Installing: /home/shuwn/my_fishrobot/demo03/install/fishbot/share/fishbot//urdf/fishcar/actuator/caster.xacro
[0.699s] -- Installing: /home/shuwn/my_fishrobot/demo03/install/fishbot/share/fishbot//world
[0.700s] -- Installing: /home/shuwn/my_fishrobot/demo03/install/fishbot/share/fishbot//world/custom_room.world
[0.700s] -- Installing: /home/shuwn/my_fishrobot/demo03/install/fishbot/share/fishbot//world/room
[0.700s] -- Installing: /home/shuwn/my_fishrobot/demo03/install/fishbot/share/fishbot//world/room/model.sdf
[0.700s] -- Installing: /home/shuwn/my_fishrobot/demo03/install/fishbot/share/fishbot//world/room/model.config
[0.700s] -- Installing: /home/shuwn/my_fishrobot/demo03/install/fishbot/share/fishbot//config
[0.700s] -- Installing: /home/shuwn/my_fishrobot/demo03/install/fishbot/share/fishbot//config/fishbot_controller.yaml
[0.700s] -- Installing: /home/shuwn/my_fishrobot/demo03/install/fishbot/share/ament_index/resource_index/package_run_dependencies/fishbot
[0.700s] -- Installing: /home/shuwn/my_fishrobot/demo03/install/fishbot/share/ament_index/resource_index/parent_prefix_path/fishbot
[0.700s] -- Installing: /home/shuwn/my_fishrobot/demo03/install/fishbot/share/fishbot/environment/ament_prefix_path.sh
[0.700s] -- Installing: /home/shuwn/my_fishrobot/demo03/install/fishbot/share/fishbot/environment/ament_prefix_path.dsv
[0.700s] -- Installing: /home/shuwn/my_fishrobot/demo03/install/fishbot/share/fishbot/environment/path.sh
[0.700s] -- Installing: /home/shuwn/my_fishrobot/demo03/install/fishbot/share/fishbot/environment/path.dsv
[0.700s] -- Installing: /home/shuwn/my_fishrobot/demo03/install/fishbot/share/fishbot/local_setup.bash
[0.701s] -- Installing: /home/shuwn/my_fishrobot/demo03/install/fishbot/share/fishbot/local_setup.sh
[0.701s] -- Installing: /home/shuwn/my_fishrobot/demo03/install/fishbot/share/fishbot/local_setup.zsh
[0.701s] -- Installing: /home/shuwn/my_fishrobot/demo03/install/fishbot/share/fishbot/local_setup.dsv
[0.701s] -- Installing: /home/shuwn/my_fishrobot/demo03/install/fishbot/share/fishbot/package.dsv
[0.701s] -- Installing: /home/shuwn/my_fishrobot/demo03/install/fishbot/share/ament_index/resource_index/packages/fishbot
[0.701s] -- Installing: /home/shuwn/my_fishrobot/demo03/install/fishbot/share/fishbot/cmake/fishbotConfig.cmake
[0.701s] -- Installing: /home/shuwn/my_fishrobot/demo03/install/fishbot/share/fishbot/cmake/fishbotConfig-version.cmake
[0.701s] -- Installing: /home/shuwn/my_fishrobot/demo03/install/fishbot/share/fishbot/package.xml
[0.704s] Invoked command in '/home/shuwn/my_fishrobot/demo03/build/fishbot' returned '0': CMAKE_PREFIX_PATH=${CMAKE_PREFIX_PATH}:/opt/ros/humble /usr/bin/cmake --install /home/shuwn/my_fishrobot/demo03/build/fishbot
