[0.007s] Invoking command in '/home/shuwn/my_fishrobot/demo01/build/fishbot': CMAKE_PREFIX_PATH=${CMAKE_PREFIX_PATH}:/opt/ros/humble /usr/bin/cmake /home/shuwn/my_fishrobot/demo01/src/fishbot -DCMAKE_INSTALL_PREFIX=/home/shuwn/my_fishrobot/demo01/install/fishbot
[0.049s] -- The C compiler identification is GNU 11.4.0
[0.088s] -- The CXX compiler identification is GNU 11.4.0
[0.093s] -- Detecting C compiler ABI info
[0.152s] -- Detecting C compiler ABI info - done
[0.156s] -- Check for working C compiler: /usr/bin/cc - skipped
[0.156s] -- Detecting C compile features
[0.156s] -- Detecting C compile features - done
[0.158s] -- Detecting CXX compiler ABI info
[0.223s] -- Detecting CXX compiler ABI info - done
[0.227s] -- Check for working CXX compiler: /usr/bin/c++ - skipped
[0.227s] -- Detecting CXX compile features
[0.227s] -- Detecting CXX compile features - done
[0.228s] -- Found ament_cmake: 1.3.10 (/opt/ros/humble/share/ament_cmake/cmake)
[0.320s] -- Found Python3: /usr/bin/python3 (found version "3.10.12") found components: Interpreter 
[0.369s] -- Found ament_lint_auto: 0.12.11 (/opt/ros/humble/share/ament_lint_auto/cmake)
[0.415s] -- Added test 'flake8' to check Python code syntax and style conventions
[0.415s] -- Added test 'lint_cmake' to check CMake code style
[0.416s] -- Added test 'pep257' to check Python code against some of the docstring style conventions in PEP 257
[0.417s] -- Added test 'xmllint' to check XML markup files
[0.418s] -- Configuring done
[0.422s] -- Generating done
[0.422s] -- Build files have been written to: /home/shuwn/my_fishrobot/demo01/build/fishbot
[0.428s] Invoked command in '/home/shuwn/my_fishrobot/demo01/build/fishbot' returned '0': CMAKE_PREFIX_PATH=${CMAKE_PREFIX_PATH}:/opt/ros/humble /usr/bin/cmake /home/shuwn/my_fishrobot/demo01/src/fishbot -DCMAKE_INSTALL_PREFIX=/home/shuwn/my_fishrobot/demo01/install/fishbot
[0.430s] Invoking command in '/home/shuwn/my_fishrobot/demo01/build/fishbot': CMAKE_PREFIX_PATH=${CMAKE_PREFIX_PATH}:/opt/ros/humble /usr/bin/cmake --build /home/shuwn/my_fishrobot/demo01/build/fishbot -- -j16 -l16
[0.462s] Invoked command in '/home/shuwn/my_fishrobot/demo01/build/fishbot' returned '0': CMAKE_PREFIX_PATH=${CMAKE_PREFIX_PATH}:/opt/ros/humble /usr/bin/cmake --build /home/shuwn/my_fishrobot/demo01/build/fishbot -- -j16 -l16
[0.492s] Invoking command in '/home/shuwn/my_fishrobot/demo01/build/fishbot': CMAKE_PREFIX_PATH=${CMAKE_PREFIX_PATH}:/opt/ros/humble /usr/bin/cmake --install /home/shuwn/my_fishrobot/demo01/build/fishbot
[0.498s] -- Install configuration: ""
[0.498s] -- Installing: /home/shuwn/my_fishrobot/demo01/install/fishbot/share/fishbot//launch
[0.498s] -- Installing: /home/shuwn/my_fishrobot/demo01/install/fishbot/share/fishbot//launch/display_robot.launch.py
[0.498s] -- Installing: /home/shuwn/my_fishrobot/demo01/install/fishbot/share/fishbot//urdf
[0.498s] -- Installing: /home/shuwn/my_fishrobot/demo01/install/fishbot/share/fishbot//urdf/fishcar
[0.498s] -- Installing: /home/shuwn/my_fishrobot/demo01/install/fishbot/share/fishbot//urdf/fishcar/common_inertia.xacro
[0.498s] -- Installing: /home/shuwn/my_fishrobot/demo01/install/fishbot/share/fishbot//urdf/fishcar/base.xacro
[0.498s] -- Installing: /home/shuwn/my_fishrobot/demo01/install/fishbot/share/fishbot//urdf/fishcar/plugins
[0.498s] -- Installing: /home/shuwn/my_fishrobot/demo01/install/fishbot/share/fishbot//urdf/fishcar/plugins/gazebo_control_plugin.xacro
[0.498s] -- Installing: /home/shuwn/my_fishrobot/demo01/install/fishbot/share/fishbot//urdf/fishcar/plugins/gazebo_sensor_plugin.xacro
[0.498s] -- Installing: /home/shuwn/my_fishrobot/demo01/install/fishbot/share/fishbot//urdf/fishcar/fishbot.xacro
[0.499s] -- Installing: /home/shuwn/my_fishrobot/demo01/install/fishbot/share/fishbot//urdf/fishcar/actuator
[0.499s] -- Installing: /home/shuwn/my_fishrobot/demo01/install/fishbot/share/fishbot//urdf/fishcar/actuator/wheel.xacro
[0.499s] -- Installing: /home/shuwn/my_fishrobot/demo01/install/fishbot/share/fishbot//urdf/fishcar/actuator/caster.xacro
[0.499s] -- Installing: /home/shuwn/my_fishrobot/demo01/install/fishbot/share/ament_index/resource_index/package_run_dependencies/fishbot
[0.499s] -- Installing: /home/shuwn/my_fishrobot/demo01/install/fishbot/share/ament_index/resource_index/parent_prefix_path/fishbot
[0.499s] -- Installing: /home/shuwn/my_fishrobot/demo01/install/fishbot/share/fishbot/environment/ament_prefix_path.sh
[0.499s] -- Installing: /home/shuwn/my_fishrobot/demo01/install/fishbot/share/fishbot/environment/ament_prefix_path.dsv
[0.499s] -- Installing: /home/shuwn/my_fishrobot/demo01/install/fishbot/share/fishbot/environment/path.sh
[0.499s] -- Installing: /home/shuwn/my_fishrobot/demo01/install/fishbot/share/fishbot/environment/path.dsv
[0.499s] -- Installing: /home/shuwn/my_fishrobot/demo01/install/fishbot/share/fishbot/local_setup.bash
[0.499s] -- Installing: /home/shuwn/my_fishrobot/demo01/install/fishbot/share/fishbot/local_setup.sh
[0.499s] -- Installing: /home/shuwn/my_fishrobot/demo01/install/fishbot/share/fishbot/local_setup.zsh
[0.500s] -- Installing: /home/shuwn/my_fishrobot/demo01/install/fishbot/share/fishbot/local_setup.dsv
[0.500s] -- Installing: /home/shuwn/my_fishrobot/demo01/install/fishbot/share/fishbot/package.dsv
[0.500s] -- Installing: /home/shuwn/my_fishrobot/demo01/install/fishbot/share/ament_index/resource_index/packages/fishbot
[0.500s] -- Installing: /home/shuwn/my_fishrobot/demo01/install/fishbot/share/fishbot/cmake/fishbotConfig.cmake
[0.500s] -- Installing: /home/shuwn/my_fishrobot/demo01/install/fishbot/share/fishbot/cmake/fishbotConfig-version.cmake
[0.500s] -- Installing: /home/shuwn/my_fishrobot/demo01/install/fishbot/share/fishbot/package.xml
[0.501s] Invoked command in '/home/shuwn/my_fishrobot/demo01/build/fishbot' returned '0': CMAKE_PREFIX_PATH=${CMAKE_PREFIX_PATH}:/opt/ros/humble /usr/bin/cmake --install /home/shuwn/my_fishrobot/demo01/build/fishbot
