[0.009s] Invoking command in '/home/shuwn/my_fishrobot/demo03/build/navigation2': CMAKE_PREFIX_PATH=/opt/ros/humble /usr/bin/cmake /home/shuwn/my_fishrobot/demo03/src/navigation2 -DCMAKE_INSTALL_PREFIX=/home/shuwn/my_fishrobot/demo03/install/navigation2
[0.067s] -- The C compiler identification is GNU 11.4.0
[0.123s] -- The CXX compiler identification is GNU 11.4.0
[0.130s] -- Detecting C compiler ABI info
[0.183s] -- Detecting C compiler ABI info - done
[0.187s] -- Check for working C compiler: /usr/bin/cc - skipped
[0.187s] -- Detecting C compile features
[0.187s] -- Detecting C compile features - done
[0.189s] -- Detecting CXX compiler ABI info
[0.253s] -- Detecting CXX compiler ABI info - done
[0.257s] -- Check for working CXX compiler: /usr/bin/c++ - skipped
[0.257s] -- Detecting CXX compile features
[0.257s] -- Detecting CXX compile features - done
[0.259s] -- Found ament_cmake: 1.3.10 (/opt/ros/humble/share/ament_cmake/cmake)
[0.353s] -- Found Python3: /usr/bin/python3 (found version "3.10.12") found components: Interpreter 
[0.413s] -- Found ament_lint_auto: 0.12.11 (/opt/ros/humble/share/ament_lint_auto/cmake)
[0.466s] -- Added test 'lint_cmake' to check CMake code style
[0.466s] -- Added test 'xmllint' to check XML markup files
[0.467s] -- Configuring done
[0.469s] -- Generating done
[0.470s] -- Build files have been written to: /home/shuwn/my_fishrobot/demo03/build/navigation2
[0.475s] Invoked command in '/home/shuwn/my_fishrobot/demo03/build/navigation2' returned '0': CMAKE_PREFIX_PATH=/opt/ros/humble /usr/bin/cmake /home/shuwn/my_fishrobot/demo03/src/navigation2 -DCMAKE_INSTALL_PREFIX=/home/shuwn/my_fishrobot/demo03/install/navigation2
[0.476s] Invoking command in '/home/shuwn/my_fishrobot/demo03/build/navigation2': CMAKE_PREFIX_PATH=/opt/ros/humble /usr/bin/cmake --build /home/shuwn/my_fishrobot/demo03/build/navigation2 -- -j16 -l16
[0.512s] Invoked command in '/home/shuwn/my_fishrobot/demo03/build/navigation2' returned '0': CMAKE_PREFIX_PATH=/opt/ros/humble /usr/bin/cmake --build /home/shuwn/my_fishrobot/demo03/build/navigation2 -- -j16 -l16
[0.535s] Invoking command in '/home/shuwn/my_fishrobot/demo03/build/navigation2': CMAKE_PREFIX_PATH=/opt/ros/humble /usr/bin/cmake --install /home/shuwn/my_fishrobot/demo03/build/navigation2
[0.540s] -- Install configuration: ""
[0.540s] -- Installing: /home/shuwn/my_fishrobot/demo03/install/navigation2/share/ament_index/resource_index/package_run_dependencies/navigation2
[0.540s] -- Installing: /home/shuwn/my_fishrobot/demo03/install/navigation2/share/ament_index/resource_index/parent_prefix_path/navigation2
[0.540s] -- Installing: /home/shuwn/my_fishrobot/demo03/install/navigation2/share/navigation2/environment/ament_prefix_path.sh
[0.540s] -- Installing: /home/shuwn/my_fishrobot/demo03/install/navigation2/share/navigation2/environment/ament_prefix_path.dsv
[0.541s] -- Installing: /home/shuwn/my_fishrobot/demo03/install/navigation2/share/navigation2/environment/path.sh
[0.541s] -- Installing: /home/shuwn/my_fishrobot/demo03/install/navigation2/share/navigation2/environment/path.dsv
[0.541s] -- Installing: /home/shuwn/my_fishrobot/demo03/install/navigation2/share/navigation2/local_setup.bash
[0.541s] -- Installing: /home/shuwn/my_fishrobot/demo03/install/navigation2/share/navigation2/local_setup.sh
[0.541s] -- Installing: /home/shuwn/my_fishrobot/demo03/install/navigation2/share/navigation2/local_setup.zsh
[0.541s] -- Installing: /home/shuwn/my_fishrobot/demo03/install/navigation2/share/navigation2/local_setup.dsv
[0.541s] -- Installing: /home/shuwn/my_fishrobot/demo03/install/navigation2/share/navigation2/package.dsv
[0.541s] -- Installing: /home/shuwn/my_fishrobot/demo03/install/navigation2/share/ament_index/resource_index/packages/navigation2
[0.541s] -- Installing: /home/shuwn/my_fishrobot/demo03/install/navigation2/share/navigation2/cmake/navigation2Config.cmake
[0.541s] -- Installing: /home/shuwn/my_fishrobot/demo03/install/navigation2/share/navigation2/cmake/navigation2Config-version.cmake
[0.541s] -- Installing: /home/shuwn/my_fishrobot/demo03/install/navigation2/share/navigation2/package.xml
[0.543s] Invoked command in '/home/shuwn/my_fishrobot/demo03/build/navigation2' returned '0': CMAKE_PREFIX_PATH=/opt/ros/humble /usr/bin/cmake --install /home/shuwn/my_fishrobot/demo03/build/navigation2
